<?xml version="1.0" encoding="UTF-8"?>
<!-- Generated by org.testng.reporters.JUnitXMLReporter -->
<testsuite ignored="2" hostname="Admin" failures="1" tests="2" name="Test" time="0.071" errors="0" timestamp="2023-04-18T17:38:58 IST">
  <testcase classname="test.testNG.TestClass2" name="testMethod2" time="0.011">
    <failure type="java.lang.Exception" message="my error">
      <![CDATA[java.lang.Exception: my error
at test.testNG.TestClass2.testMethod2(TestClass2.java:16)
at java.base/java.util.ArrayList.forEach(ArrayList.java:1511)
... Removed 27 stack frames]]>
    </failure>
  </testcase> <!-- testMethod2 -->
  <testcase classname="test.testNG.TestClass2" name="testMethod1" time="0.005"/>
  <testcase classname="test.testNG.TestClass2" name="testMethod4" time="0.0">
    <ignored/>
  </testcase> <!-- testMethod4 -->
  <testcase classname="test.testNG.TestClass2" name="testMethod3" time="0.0">
    <ignored/>
  </testcase> <!-- testMethod3 -->
</testsuite> <!-- Test -->
